{"C:\\Users\\Vanjor\\IdeaProjects\\comp5104-cms-web\\src\\components\\EditDeliverable.vue": {"path":"C:\\Users\\Vanjor\\IdeaProjects\\comp5104-cms-web\\src\\components\\EditDeliverable.vue","statementMap":{"0":{"start":{"line":70,"column":0},"end":{"line":70,"column":null}},"1":{"start":{"line":71,"column":0},"end":{"line":73,"column":null}},"2":{"start":{"line":72,"column":0},"end":{"line":72,"column":null}},"3":{"start":{"line":75,"column":0},"end":{"line":75,"column":null}},"4":{"start":{"line":77,"column":0},"end":{"line":92,"column":null}},"5":{"start":{"line":78,"column":0},"end":{"line":78,"column":null}},"6":{"start":{"line":79,"column":0},"end":{"line":79,"column":null}},"7":{"start":{"line":80,"column":0},"end":{"line":82,"column":null}},"8":{"start":{"line":81,"column":0},"end":{"line":81,"column":null}},"9":{"start":{"line":83,"column":0},"end":{"line":91,"column":null}},"10":{"start":{"line":84,"column":0},"end":{"line":84,"column":null}},"11":{"start":{"line":85,"column":0},"end":{"line":85,"column":null}},"12":{"start":{"line":86,"column":0},"end":{"line":86,"column":null}},"13":{"start":{"line":87,"column":0},"end":{"line":87,"column":null}},"14":{"start":{"line":88,"column":0},"end":{"line":88,"column":null}},"15":{"start":{"line":89,"column":0},"end":{"line":89,"column":null}},"16":{"start":{"line":90,"column":0},"end":{"line":90,"column":null}},"17":{"start":{"line":96,"column":0},"end":{"line":108,"column":null}},"18":{"start":{"line":97,"column":0},"end":{"line":107,"column":null}},"19":{"start":{"line":98,"column":0},"end":{"line":98,"column":null}},"20":{"start":{"line":100,"column":0},"end":{"line":100,"column":null}},"21":{"start":{"line":101,"column":0},"end":{"line":101,"column":null}},"22":{"start":{"line":102,"column":0},"end":{"line":106,"column":null}},"23":{"start":{"line":103,"column":0},"end":{"line":103,"column":null}},"24":{"start":{"line":105,"column":0},"end":{"line":105,"column":null}},"25":{"start":{"line":110,"column":0},"end":{"line":118,"column":null}},"26":{"start":{"line":111,"column":0},"end":{"line":113,"column":null}},"27":{"start":{"line":112,"column":0},"end":{"line":112,"column":null}},"28":{"start":{"line":114,"column":0},"end":{"line":116,"column":null}},"29":{"start":{"line":115,"column":0},"end":{"line":115,"column":null}},"30":{"start":{"line":117,"column":0},"end":{"line":117,"column":null}},"31":{"start":{"line":120,"column":0},"end":{"line":136,"column":null}},"32":{"start":{"line":121,"column":0},"end":{"line":123,"column":null}},"33":{"start":{"line":122,"column":0},"end":{"line":122,"column":null}},"34":{"start":{"line":124,"column":0},"end":{"line":135,"column":null}},"35":{"start":{"line":125,"column":0},"end":{"line":125,"column":null}},"36":{"start":{"line":127,"column":0},"end":{"line":127,"column":null}},"37":{"start":{"line":128,"column":0},"end":{"line":128,"column":null}},"38":{"start":{"line":129,"column":0},"end":{"line":129,"column":null}},"39":{"start":{"line":130,"column":0},"end":{"line":134,"column":null}},"40":{"start":{"line":131,"column":0},"end":{"line":131,"column":null}},"41":{"start":{"line":133,"column":0},"end":{"line":133,"column":null}},"42":{"start":{"line":137,"column":0},"end":{"line":170,"column":null}},"43":{"start":{"line":174,"column":0},"end":{"line":174,"column":null}},"44":{"start":{"line":175,"column":0},"end":{"line":175,"column":null}},"45":{"start":{"line":176,"column":0},"end":{"line":176,"column":null}},"46":{"start":{"line":177,"column":0},"end":{"line":177,"column":null}},"47":{"start":{"line":178,"column":0},"end":{"line":178,"column":null}},"48":{"start":{"line":179,"column":0},"end":{"line":179,"column":null}},"49":{"start":{"line":182,"column":0},"end":{"line":182,"column":null}},"50":{"start":{"line":183,"column":0},"end":{"line":188,"column":null}},"51":{"start":{"line":184,"column":0},"end":{"line":184,"column":null}},"52":{"start":{"line":185,"column":0},"end":{"line":187,"column":null}},"53":{"start":{"line":186,"column":0},"end":{"line":186,"column":null}},"54":{"start":{"line":191,"column":0},"end":{"line":191,"column":null}},"55":{"start":{"line":192,"column":0},"end":{"line":201,"column":null}},"56":{"start":{"line":193,"column":0},"end":{"line":193,"column":null}},"57":{"start":{"line":194,"column":0},"end":{"line":194,"column":null}},"58":{"start":{"line":195,"column":0},"end":{"line":195,"column":null}},"59":{"start":{"line":196,"column":0},"end":{"line":196,"column":null}},"60":{"start":{"line":197,"column":0},"end":{"line":197,"column":null}},"61":{"start":{"line":198,"column":0},"end":{"line":198,"column":null}},"62":{"start":{"line":200,"column":0},"end":{"line":200,"column":null}},"63":{"start":{"line":204,"column":0},"end":{"line":204,"column":null}},"64":{"start":{"line":205,"column":0},"end":{"line":241,"column":null}},"65":{"start":{"line":206,"column":0},"end":{"line":240,"column":null}},"66":{"start":{"line":207,"column":0},"end":{"line":207,"column":null}},"67":{"start":{"line":208,"column":0},"end":{"line":237,"column":null}},"68":{"start":{"line":213,"column":0},"end":{"line":213,"column":null}},"69":{"start":{"line":214,"column":0},"end":{"line":214,"column":null}},"70":{"start":{"line":215,"column":0},"end":{"line":215,"column":null}},"71":{"start":{"line":216,"column":0},"end":{"line":216,"column":null}},"72":{"start":{"line":217,"column":0},"end":{"line":231,"column":null}},"73":{"start":{"line":218,"column":0},"end":{"line":230,"column":null}},"74":{"start":{"line":219,"column":0},"end":{"line":222,"column":null}},"75":{"start":{"line":223,"column":0},"end":{"line":223,"column":null}},"76":{"start":{"line":224,"column":0},"end":{"line":224,"column":null}},"77":{"start":{"line":225,"column":0},"end":{"line":225,"column":null}},"78":{"start":{"line":226,"column":0},"end":{"line":226,"column":null}},"79":{"start":{"line":227,"column":0},"end":{"line":227,"column":null}},"80":{"start":{"line":229,"column":0},"end":{"line":229,"column":null}},"81":{"start":{"line":233,"column":0},"end":{"line":236,"column":null}},"82":{"start":{"line":239,"column":0},"end":{"line":239,"column":null}},"83":{"start":{"line":244,"column":0},"end":{"line":248,"column":null}},"84":{"start":{"line":245,"column":0},"end":{"line":247,"column":null}},"85":{"start":{"line":246,"column":0},"end":{"line":246,"column":null}}},"fnMap":{"0":{"name":"(anonymous_0)","decl":{"start":{"line":69,"column":0},"end":{"line":69,"column":null}},"loc":{"start":{"line":69,"column":0},"end":{"line":94,"column":null}}},"1":{"name":"(anonymous_1)","decl":{"start":{"line":71,"column":0},"end":{"line":71,"column":null}},"loc":{"start":{"line":71,"column":0},"end":{"line":73,"column":null}}},"2":{"name":"(anonymous_2)","decl":{"start":{"line":80,"column":0},"end":{"line":80,"column":null}},"loc":{"start":{"line":80,"column":0},"end":{"line":82,"column":null}}},"3":{"name":"(anonymous_3)","decl":{"start":{"line":95,"column":0},"end":{"line":95,"column":null}},"loc":{"start":{"line":95,"column":0},"end":{"line":171,"column":null}}},"4":{"name":"(anonymous_4)","decl":{"start":{"line":96,"column":0},"end":{"line":96,"column":null}},"loc":{"start":{"line":96,"column":0},"end":{"line":108,"column":null}}},"5":{"name":"(anonymous_5)","decl":{"start":{"line":110,"column":0},"end":{"line":110,"column":null}},"loc":{"start":{"line":110,"column":0},"end":{"line":118,"column":null}}},"6":{"name":"(anonymous_6)","decl":{"start":{"line":120,"column":0},"end":{"line":120,"column":null}},"loc":{"start":{"line":120,"column":0},"end":{"line":136,"column":null}}},"7":{"name":"(anonymous_7)","decl":{"start":{"line":173,"column":0},"end":{"line":173,"column":null}},"loc":{"start":{"line":173,"column":0},"end":{"line":180,"column":null}}},"8":{"name":"(anonymous_8)","decl":{"start":{"line":181,"column":0},"end":{"line":181,"column":null}},"loc":{"start":{"line":181,"column":0},"end":{"line":189,"column":null}}},"9":{"name":"(anonymous_9)","decl":{"start":{"line":185,"column":0},"end":{"line":185,"column":null}},"loc":{"start":{"line":185,"column":0},"end":{"line":187,"column":null}}},"10":{"name":"(anonymous_10)","decl":{"start":{"line":190,"column":0},"end":{"line":190,"column":null}},"loc":{"start":{"line":190,"column":0},"end":{"line":202,"column":null}}},"11":{"name":"(anonymous_11)","decl":{"start":{"line":191,"column":0},"end":{"line":191,"column":null}},"loc":{"start":{"line":191,"column":0},"end":{"line":191,"column":null}}},"12":{"name":"(anonymous_12)","decl":{"start":{"line":203,"column":0},"end":{"line":203,"column":null}},"loc":{"start":{"line":203,"column":0},"end":{"line":242,"column":null}}},"13":{"name":"(anonymous_13)","decl":{"start":{"line":205,"column":0},"end":{"line":205,"column":null}},"loc":{"start":{"line":205,"column":0},"end":{"line":241,"column":null}}},"14":{"name":"(anonymous_14)","decl":{"start":{"line":212,"column":0},"end":{"line":212,"column":null}},"loc":{"start":{"line":212,"column":0},"end":{"line":232,"column":null}}},"15":{"name":"(anonymous_15)","decl":{"start":{"line":217,"column":0},"end":{"line":217,"column":null}},"loc":{"start":{"line":217,"column":0},"end":{"line":231,"column":null}}},"16":{"name":"(anonymous_16)","decl":{"start":{"line":223,"column":0},"end":{"line":223,"column":null}},"loc":{"start":{"line":223,"column":0},"end":{"line":223,"column":null}}},"17":{"name":"(anonymous_17)","decl":{"start":{"line":232,"column":0},"end":{"line":232,"column":null}},"loc":{"start":{"line":232,"column":0},"end":{"line":237,"column":null}}},"18":{"name":"(anonymous_18)","decl":{"start":{"line":243,"column":0},"end":{"line":243,"column":null}},"loc":{"start":{"line":243,"column":0},"end":{"line":249,"column":null}}},"19":{"name":"(anonymous_19)","decl":{"start":{"line":244,"column":0},"end":{"line":244,"column":null}},"loc":{"start":{"line":244,"column":0},"end":{"line":248,"column":null}}}},"branchMap":{"0":{"loc":{"start":{"line":77,"column":0},"end":{"line":92,"column":null}},"type":"if","locations":[{"start":{"line":77,"column":0},"end":{"line":92,"column":null}},{"start":{"line":77,"column":0},"end":{"line":92,"column":null}}]},"1":{"loc":{"start":{"line":77,"column":0},"end":{"line":77,"column":null}},"type":"binary-expr","locations":[{"start":{"line":77,"column":0},"end":{"line":77,"column":null}},{"start":{"line":77,"column":0},"end":{"line":77,"column":null}}]},"2":{"loc":{"start":{"line":83,"column":0},"end":{"line":91,"column":null}},"type":"if","locations":[{"start":{"line":83,"column":0},"end":{"line":91,"column":null}},{"start":{"line":83,"column":0},"end":{"line":91,"column":null}}]},"3":{"loc":{"start":{"line":97,"column":0},"end":{"line":107,"column":null}},"type":"if","locations":[{"start":{"line":97,"column":0},"end":{"line":107,"column":null}},{"start":{"line":97,"column":0},"end":{"line":107,"column":null}}]},"4":{"loc":{"start":{"line":97,"column":0},"end":{"line":97,"column":null}},"type":"binary-expr","locations":[{"start":{"line":97,"column":0},"end":{"line":97,"column":null}},{"start":{"line":97,"column":0},"end":{"line":97,"column":null}}]},"5":{"loc":{"start":{"line":102,"column":0},"end":{"line":106,"column":null}},"type":"if","locations":[{"start":{"line":102,"column":0},"end":{"line":106,"column":null}},{"start":{"line":102,"column":0},"end":{"line":106,"column":null}}]},"6":{"loc":{"start":{"line":111,"column":0},"end":{"line":113,"column":null}},"type":"if","locations":[{"start":{"line":111,"column":0},"end":{"line":113,"column":null}},{"start":{"line":111,"column":0},"end":{"line":113,"column":null}}]},"7":{"loc":{"start":{"line":111,"column":0},"end":{"line":111,"column":null}},"type":"binary-expr","locations":[{"start":{"line":111,"column":0},"end":{"line":111,"column":null}},{"start":{"line":111,"column":0},"end":{"line":111,"column":null}}]},"8":{"loc":{"start":{"line":114,"column":0},"end":{"line":116,"column":null}},"type":"if","locations":[{"start":{"line":114,"column":0},"end":{"line":116,"column":null}},{"start":{"line":114,"column":0},"end":{"line":116,"column":null}}]},"9":{"loc":{"start":{"line":121,"column":0},"end":{"line":123,"column":null}},"type":"if","locations":[{"start":{"line":121,"column":0},"end":{"line":123,"column":null}},{"start":{"line":121,"column":0},"end":{"line":123,"column":null}}]},"10":{"loc":{"start":{"line":121,"column":0},"end":{"line":121,"column":null}},"type":"binary-expr","locations":[{"start":{"line":121,"column":0},"end":{"line":121,"column":null}},{"start":{"line":121,"column":0},"end":{"line":121,"column":null}}]},"11":{"loc":{"start":{"line":124,"column":0},"end":{"line":135,"column":null}},"type":"if","locations":[{"start":{"line":124,"column":0},"end":{"line":135,"column":null}},{"start":{"line":124,"column":0},"end":{"line":135,"column":null}}]},"12":{"loc":{"start":{"line":124,"column":0},"end":{"line":124,"column":null}},"type":"binary-expr","locations":[{"start":{"line":124,"column":0},"end":{"line":124,"column":null}},{"start":{"line":124,"column":0},"end":{"line":124,"column":null}}]},"13":{"loc":{"start":{"line":130,"column":0},"end":{"line":134,"column":null}},"type":"if","locations":[{"start":{"line":130,"column":0},"end":{"line":134,"column":null}},{"start":{"line":130,"column":0},"end":{"line":134,"column":null}}]},"14":{"loc":{"start":{"line":130,"column":0},"end":{"line":130,"column":null}},"type":"binary-expr","locations":[{"start":{"line":130,"column":0},"end":{"line":130,"column":null}},{"start":{"line":130,"column":0},"end":{"line":130,"column":null}}]},"15":{"loc":{"start":{"line":183,"column":0},"end":{"line":188,"column":null}},"type":"if","locations":[{"start":{"line":183,"column":0},"end":{"line":188,"column":null}},{"start":{"line":183,"column":0},"end":{"line":188,"column":null}}]},"16":{"loc":{"start":{"line":183,"column":0},"end":{"line":183,"column":null}},"type":"binary-expr","locations":[{"start":{"line":183,"column":0},"end":{"line":183,"column":null}},{"start":{"line":183,"column":0},"end":{"line":183,"column":null}}]},"17":{"loc":{"start":{"line":192,"column":0},"end":{"line":201,"column":null}},"type":"if","locations":[{"start":{"line":192,"column":0},"end":{"line":201,"column":null}},{"start":{"line":192,"column":0},"end":{"line":201,"column":null}}]},"18":{"loc":{"start":{"line":206,"column":0},"end":{"line":240,"column":null}},"type":"if","locations":[{"start":{"line":206,"column":0},"end":{"line":240,"column":null}},{"start":{"line":206,"column":0},"end":{"line":240,"column":null}}]},"19":{"loc":{"start":{"line":207,"column":0},"end":{"line":207,"column":null}},"type":"cond-expr","locations":[{"start":{"line":207,"column":0},"end":{"line":207,"column":null}},{"start":{"line":207,"column":0},"end":{"line":207,"column":null}}]},"20":{"loc":{"start":{"line":218,"column":0},"end":{"line":230,"column":null}},"type":"if","locations":[{"start":{"line":218,"column":0},"end":{"line":230,"column":null}},{"start":{"line":218,"column":0},"end":{"line":230,"column":null}}]},"21":{"loc":{"start":{"line":245,"column":0},"end":{"line":247,"column":null}},"type":"if","locations":[{"start":{"line":245,"column":0},"end":{"line":247,"column":null}},{"start":{"line":245,"column":0},"end":{"line":247,"column":null}}]}},"s":{"0":0,"1":0,"2":0,"3":0,"4":0,"5":0,"6":0,"7":0,"8":0,"9":0,"10":0,"11":0,"12":0,"13":0,"14":0,"15":0,"16":0,"17":0,"18":0,"19":0,"20":0,"21":0,"22":0,"23":0,"24":0,"25":0,"26":0,"27":0,"28":0,"29":0,"30":0,"31":0,"32":0,"33":0,"34":0,"35":0,"36":0,"37":0,"38":0,"39":0,"40":0,"41":0,"42":0,"43":0,"44":0,"45":0,"46":0,"47":0,"48":0,"49":0,"50":0,"51":0,"52":0,"53":0,"54":0,"55":0,"56":0,"57":0,"58":0,"59":0,"60":0,"61":0,"62":0,"63":0,"64":0,"65":0,"66":0,"67":0,"68":0,"69":0,"70":0,"71":0,"72":0,"73":0,"74":0,"75":0,"76":0,"77":0,"78":0,"79":0,"80":0,"81":0,"82":0,"83":0,"84":0,"85":0},"f":{"0":0,"1":0,"2":0,"3":0,"4":0,"5":0,"6":0,"7":0,"8":0,"9":0,"10":0,"11":0,"12":0,"13":0,"14":0,"15":0,"16":0,"17":0,"18":0,"19":0},"b":{"0":[0,0],"1":[0,0],"2":[0,0],"3":[0,0],"4":[0,0],"5":[0,0],"6":[0,0],"7":[0,0],"8":[0,0],"9":[0,0],"10":[0,0],"11":[0,0],"12":[0,0],"13":[0,0],"14":[0,0],"15":[0,0],"16":[0,0],"17":[0,0],"18":[0,0],"19":[0,0],"20":[0,0],"21":[0,0]}}
}
